Arguments: 
  D:\node.exe C:\Users\Bonday\AppData\Roaming\npm\node_modules\yarn\bin\yarn.js add jquery

PATH: 
  C:\Program Files (x86)\Intel\iCLS Client\;C:\Program Files\Intel\iCLS Client\;C:\WINDOWS\system32;C:\WINDOWS;C:\WINDOWS\System32\Wbem;C:\WINDOWS\System32\WindowsPowerShell\v1.0\;C:\Program Files (x86)\Intel\Intel(R) Management Engine Components\DAL;C:\Program Files\Intel\Intel(R) Management Engine Components\DAL;C:\Program Files (x86)\Intel\Intel(R) Management Engine Components\IPT;C:\Program Files\Intel\Intel(R) Management Engine Components\IPT;C:\Program Files\Intel\WiFi\bin\;C:\Program Files\Common Files\Intel\WirelessCommon\;C:\Program Files (x86)\QuickTime\QTSystem\;D:\Git\cmd;D:\;C:\Users\Bonday\AppData\Local\Microsoft\WindowsApps;;D:\Microsoft VS Code\bin;C:\Users\Bonday\AppData\Roaming\npm

Yarn version: 
  1.2.1

Node version: 
  6.11.4

Platform: 
  win32 x64

npm manifest: 
  {
    "name": "libs",
    "version": "1.0.0",
    "description": "各种常见的特效集合",
    "main": "index.js",
    "scripts": {
      "test": "echo \"Error: no test specified\" && exit 1"
    },
    "repository": {
      "type": "git",
      "url": "git+https://github.com/zwl-jasmine95/libs.git"
    },
    "author": "zeng wenli",
    "license": "ISC",
    "bugs": {
      "url": "https://github.com/zwl-jasmine95/libs/issues"
    },
    "homepage": "https://github.com/zwl-jasmine95/libs#readme"
  }

yarn manifest: 
  No manifest

Lockfile: 
  No lockfile

Trace: 
  Error: connect ETIMEDOUT 104.16.63.173:443
      at Object.exports._errnoException (util.js:1020:11)
      at exports._exceptionWithHostPort (util.js:1043:20)
      at TCPConnectWrap.afterConnect [as oncomplete] (net.js:1090:14)
